<?xml version="1.0" encoding="UTF-8"?>
<!-- Generated by org.testng.reporters.JUnitReportReporter -->
<testsuite hostname="Shilpa" failures="0" tests="2" name="pac2.OrgTest" time="0.013" errors="0" timestamp="2025-03-03T11:08:59 IST" skipped="0">
  <testcase classname="pac2.OrgTest" name="createOrgTest" time="0.010"/>
  <system-out/>
  <testcase classname="pac2.OrgTest" name="modifyOrgTest" time="0.003"/>
  <system-out/>
</testsuite> <!-- pac2.OrgTest -->
