<?xml version="1.0" encoding="UTF-8"?>
<!-- Generated by org.testng.reporters.JUnitReportReporter -->
<testsuite hostname="Shilpa" failures="0" tests="2" name="pac1.ContactTest" time="0.003" errors="0" timestamp="2025-03-03T11:11:55 IST" skipped="0">
  <testcase classname="pac1.ContactTest" name="createContact" time="0.003"/>
  <system-out/>
  <testcase classname="pac1.ContactTest" name="createContactWithPhoneNo" time="0.000"/>
  <system-out/>
</testsuite> <!-- pac1.ContactTest -->
